0 info it worked if it ends with ok
1 verbose cli [
1 verbose cli   'C:\\Program Files\\nodejs\\node.exe',
1 verbose cli   'C:\\Program Files\\nodejs\\node_modules\\npm\\bin\\npm-cli.js',
1 verbose cli   'run',
1 verbose cli   'test',
1 verbose cli   '--no-cache'
1 verbose cli ]
2 info using npm@6.14.10
3 info using node@v14.15.4
4 verbose run-script [ 'pretest', 'test', 'posttest' ]
5 info lifecycle miluskapajuelo@0.1.0~pretest: miluskapajuelo@0.1.0
6 info lifecycle miluskapajuelo@0.1.0~test: miluskapajuelo@0.1.0
7 verbose lifecycle miluskapajuelo@0.1.0~test: unsafe-perm in lifecycle true
8 verbose lifecycle miluskapajuelo@0.1.0~test: PATH: C:\Program Files\nodejs\node_modules\npm\node_modules\npm-lifecycle\node-gyp-bin;C:\Users\milus\Desktop\Repositorios\LIM014-mdlinks\node_modules\.bin;C:\Program Files (x86)\Common Files\Oracle\Java\javapath;C:\windows\system32;C:\windows;C:\windows\System32\Wbem;C:\windows\System32\WindowsPowerShell\v1.0\;C:\windows\System32\OpenSSH\;C:\Users\milus\AppData\Local\Programs\Python\Python39;C:\Users\milus\AppData\Local\Programs\Python\Python39\Scripts;C:\Program Files\Microsoft SQL Server\Client SDK\ODBC\170\Tools\Binn\;C:\Program Files (x86)\Microsoft SQL Server\150\Tools\Binn\;C:\Program Files\Microsoft SQL Server\150\Tools\Binn\;C:\Program Files\Microsoft SQL Server\150\DTS\Binn\;C:\Program Files\Java\jdk1.8.0_261\bin;C:\Program Files\Git\cmd;C:\Program Files\nodejs\;C:\Program Files\MySQL\MySQL Shell 8.0\bin\;C:\Users\milus\AppData\Local\Microsoft\WindowsApps;C:\Users\milus\AppData\Local\Programs\Microsoft VS Code\bin;C:\Users\milus\AppData\Roaming\npm;C:\Users\milus\AppData\Local\GitHubDesktop\bin
9 verbose lifecycle miluskapajuelo@0.1.0~test: CWD: C:\Users\milus\Desktop\Repositorios\LIM014-mdlinks
10 silly lifecycle miluskapajuelo@0.1.0~test: Args: [ '/d /s /c', 'jest --verbose --coverage' ]
11 silly lifecycle miluskapajuelo@0.1.0~test: Returned: code: 1  signal: null
12 info lifecycle miluskapajuelo@0.1.0~test: Failed to exec test script
13 verbose stack Error: miluskapajuelo@0.1.0 test: `jest --verbose --coverage`
13 verbose stack Exit status 1
13 verbose stack     at EventEmitter.<anonymous> (C:\Program Files\nodejs\node_modules\npm\node_modules\npm-lifecycle\index.js:332:16)
13 verbose stack     at EventEmitter.emit (events.js:315:20)
13 verbose stack     at ChildProcess.<anonymous> (C:\Program Files\nodejs\node_modules\npm\node_modules\npm-lifecycle\lib\spawn.js:55:14)
13 verbose stack     at ChildProcess.emit (events.js:315:20)
13 verbose stack     at maybeClose (internal/child_process.js:1048:16)
13 verbose stack     at Process.ChildProcess._handle.onexit (internal/child_process.js:288:5)
14 verbose pkgid miluskapajuelo@0.1.0
15 verbose cwd C:\Users\milus\Desktop\Repositorios\LIM014-mdlinks\src
16 verbose Windows_NT 10.0.18363
17 verbose argv "C:\\Program Files\\nodejs\\node.exe" "C:\\Program Files\\nodejs\\node_modules\\npm\\bin\\npm-cli.js" "run" "test" "--no-cache"
18 verbose node v14.15.4
19 verbose npm  v6.14.10
20 error code ELIFECYCLE
21 error errno 1
22 error miluskapajuelo@0.1.0 test: `jest --verbose --coverage`
22 error Exit status 1
23 error Failed at the miluskapajuelo@0.1.0 test script.
23 error This is probably not a problem with npm. There is likely additional logging output above.
24 verbose exit [ 1, true ]
